This file contains any messages produced by compilers while
running configure, to aid debugging if configure makes a mistake.

It was created by TIFFToObj configure 1.0, which was
generated by GNU Autoconf 2.69.  Invocation command line was

  $ /home/domahony/Projects/ws-ogldev/TIFFToObj/configure CXXFLAGS=-ggdb3

## --------- ##
## Platform. ##
## --------- ##

hostname = bilbo
uname -m = x86_64
uname -r = 3.13.0-46-generic
uname -s = Linux
uname -v = #79-Ubuntu SMP Tue Mar 10 20:06:50 UTC 2015

/usr/bin/uname -p = unknown
/bin/uname -X     = unknown

/bin/arch              = unknown
/usr/bin/arch -k       = unknown
/usr/convex/getsysinfo = unknown
/usr/bin/hostinfo      = unknown
/bin/machine           = unknown
/usr/bin/oslevel       = unknown
/bin/universe          = unknown

PATH: /usr/local/sbin
PATH: /usr/local/bin
PATH: /usr/sbin
PATH: /usr/bin
PATH: /sbin
PATH: /bin
PATH: /usr/games
PATH: /usr/local/games


## ----------- ##
## Core tests. ##
## ----------- ##

configure:1838: checking build system type
configure:1852: result: x86_64-unknown-linux-gnu
configure:1872: checking host system type
configure:1885: result: x86_64-unknown-linux-gnu
configure:1905: checking target system type
configure:1918: result: x86_64-unknown-linux-gnu
configure:1961: checking for a BSD-compatible install
configure:2029: result: /usr/bin/install -c
configure:2040: checking whether build environment is sane
configure:2095: result: yes
configure:2246: checking for a thread-safe mkdir -p
configure:2285: result: /bin/mkdir -p
configure:2292: checking for gawk
configure:2308: found /usr/bin/gawk
configure:2319: result: gawk
configure:2330: checking whether make sets $(MAKE)
configure:2352: result: yes
configure:2381: checking whether make supports nested variables
configure:2398: result: yes
configure:2582: checking for g++
configure:2598: found /usr/bin/g++
configure:2609: result: g++
configure:2636: checking for C++ compiler version
configure:2645: g++ --version >&5
g++ (Ubuntu 4.8.2-19ubuntu1) 4.8.2
Copyright (C) 2013 Free Software Foundation, Inc.
This is free software; see the source for copying conditions.  There is NO
warranty; not even for MERCHANTABILITY or FITNESS FOR A PARTICULAR PURPOSE.

configure:2656: $? = 0
configure:2645: g++ -v >&5
Using built-in specs.
COLLECT_GCC=g++
COLLECT_LTO_WRAPPER=/usr/lib/gcc/x86_64-linux-gnu/4.8/lto-wrapper
Target: x86_64-linux-gnu
Configured with: ../src/configure -v --with-pkgversion='Ubuntu 4.8.2-19ubuntu1' --with-bugurl=file:///usr/share/doc/gcc-4.8/README.Bugs --enable-languages=c,c++,java,go,d,fortran,objc,obj-c++ --prefix=/usr --program-suffix=-4.8 --enable-shared --enable-linker-build-id --libexecdir=/usr/lib --without-included-gettext --enable-threads=posix --with-gxx-include-dir=/usr/include/c++/4.8 --libdir=/usr/lib --enable-nls --with-sysroot=/ --enable-clocale=gnu --enable-libstdcxx-debug --enable-libstdcxx-time=yes --enable-gnu-unique-object --disable-libmudflap --enable-plugin --with-system-zlib --disable-browser-plugin --enable-java-awt=gtk --enable-gtk-cairo --with-java-home=/usr/lib/jvm/java-1.5.0-gcj-4.8-amd64/jre --enable-java-home --with-jvm-root-dir=/usr/lib/jvm/java-1.5.0-gcj-4.8-amd64 --with-jvm-jar-dir=/usr/lib/jvm-exports/java-1.5.0-gcj-4.8-amd64 --with-arch-directory=amd64 --with-ecj-jar=/usr/share/java/eclipse-ecj.jar --enable-objc-gc --enable-multiarch --disable-werror --with-arch-32=i686 --with-abi=m64 --with-multilib-list=m32,m64,mx32 --with-tune=generic --enable-checking=release --build=x86_64-linux-gnu --host=x86_64-linux-gnu --target=x86_64-linux-gnu
Thread model: posix
gcc version 4.8.2 (Ubuntu 4.8.2-19ubuntu1) 
configure:2656: $? = 0
configure:2645: g++ -V >&5
g++: error: unrecognized command line option '-V'
g++: fatal error: no input files
compilation terminated.
configure:2656: $? = 4
configure:2645: g++ -qversion >&5
g++: error: unrecognized command line option '-qversion'
g++: fatal error: no input files
compilation terminated.
configure:2656: $? = 4
configure:2676: checking whether the C++ compiler works
configure:2698: g++ -ggdb3   conftest.cpp  >&5
configure:2702: $? = 0
configure:2750: result: yes
configure:2753: checking for C++ compiler default output file name
configure:2755: result: a.out
configure:2761: checking for suffix of executables
configure:2768: g++ -o conftest -ggdb3   conftest.cpp  >&5
configure:2772: $? = 0
configure:2794: result: 
configure:2816: checking whether we are cross compiling
configure:2824: g++ -o conftest -ggdb3   conftest.cpp  >&5
configure:2828: $? = 0
configure:2835: ./conftest
configure:2839: $? = 0
configure:2854: result: no
configure:2859: checking for suffix of object files
configure:2881: g++ -c -ggdb3  conftest.cpp >&5
configure:2885: $? = 0
configure:2906: result: o
configure:2910: checking whether we are using the GNU C++ compiler
configure:2929: g++ -c -ggdb3  conftest.cpp >&5
configure:2929: $? = 0
configure:2938: result: yes
configure:2947: checking whether g++ accepts -g
configure:2967: g++ -c -g  conftest.cpp >&5
configure:2967: $? = 0
configure:3008: result: yes
configure:3042: checking for style of include used by make
configure:3070: result: GNU
configure:3096: checking dependency style of g++
configure:3207: result: gcc3
configure:3375: checking that generated files are newer than configure
configure:3381: result: done
configure:3404: creating ./config.status

## ---------------------- ##
## Running config.status. ##
## ---------------------- ##

This file was extended by TIFFToObj config.status 1.0, which was
generated by GNU Autoconf 2.69.  Invocation command line was

  CONFIG_FILES    = 
  CONFIG_HEADERS  = 
  CONFIG_LINKS    = 
  CONFIG_COMMANDS = 
  $ ./config.status 

on bilbo

config.status:787: creating Makefile
config.status:787: creating src/Makefile
config.status:959: executing depfiles commands

## ---------------- ##
## Cache variables. ##
## ---------------- ##

ac_cv_build=x86_64-unknown-linux-gnu
ac_cv_cxx_compiler_gnu=yes
ac_cv_env_CCC_set=
ac_cv_env_CCC_value=
ac_cv_env_CPPFLAGS_set=
ac_cv_env_CPPFLAGS_value=
ac_cv_env_CXXFLAGS_set=set
ac_cv_env_CXXFLAGS_value=-ggdb3
ac_cv_env_CXX_set=
ac_cv_env_CXX_value=
ac_cv_env_LDFLAGS_set=
ac_cv_env_LDFLAGS_value=
ac_cv_env_LIBS_set=
ac_cv_env_LIBS_value=
ac_cv_env_build_alias_set=
ac_cv_env_build_alias_value=
ac_cv_env_host_alias_set=
ac_cv_env_host_alias_value=
ac_cv_env_target_alias_set=
ac_cv_env_target_alias_value=
ac_cv_host=x86_64-unknown-linux-gnu
ac_cv_objext=o
ac_cv_path_install='/usr/bin/install -c'
ac_cv_path_mkdir=/bin/mkdir
ac_cv_prog_AWK=gawk
ac_cv_prog_ac_ct_CXX=g++
ac_cv_prog_cxx_g=yes
ac_cv_prog_make_make_set=yes
ac_cv_target=x86_64-unknown-linux-gnu
am_cv_CXX_dependencies_compiler_type=gcc3
am_cv_make_support_nested_variables=yes

## ----------------- ##
## Output variables. ##
## ----------------- ##

ACLOCAL='${SHELL} /home/domahony/Projects/ws-ogldev/TIFFToObj/missing aclocal-1.14'
AMDEPBACKSLASH='\'
AMDEP_FALSE='#'
AMDEP_TRUE=''
AMTAR='$${TAR-tar}'
AM_BACKSLASH='\'
AM_DEFAULT_V='$(AM_DEFAULT_VERBOSITY)'
AM_DEFAULT_VERBOSITY='1'
AM_V='$(V)'
AUTOCONF='${SHELL} /home/domahony/Projects/ws-ogldev/TIFFToObj/missing autoconf'
AUTOHEADER='${SHELL} /home/domahony/Projects/ws-ogldev/TIFFToObj/missing autoheader'
AUTOMAKE='${SHELL} /home/domahony/Projects/ws-ogldev/TIFFToObj/missing automake-1.14'
AWK='gawk'
CPPFLAGS=''
CXX='g++'
CXXDEPMODE='depmode=gcc3'
CXXFLAGS='-ggdb3'
CYGPATH_W='echo'
DEFS='-DPACKAGE_NAME=\"TIFFToObj\" -DPACKAGE_TARNAME=\"tifftoobj\" -DPACKAGE_VERSION=\"1.0\" -DPACKAGE_STRING=\"TIFFToObj\ 1.0\" -DPACKAGE_BUGREPORT=\"\" -DPACKAGE_URL=\"\" -DPACKAGE=\"tifftoobj\" -DVERSION=\"1.0\"'
DEPDIR='.deps'
ECHO_C=''
ECHO_N='-n'
ECHO_T=''
EXEEXT=''
GEOTIFF_CFLAGS='-I/usr/include/geotiff'
GEOTIFF_LDFLAGS='-lgeotiff -ltiff'
INSTALL_DATA='${INSTALL} -m 644'
INSTALL_PROGRAM='${INSTALL}'
INSTALL_SCRIPT='${INSTALL}'
INSTALL_STRIP_PROGRAM='$(install_sh) -c -s'
LDFLAGS=''
LIBOBJS=''
LIBS=''
LTLIBOBJS=''
MAKEINFO='${SHELL} /home/domahony/Projects/ws-ogldev/TIFFToObj/missing makeinfo'
MKDIR_P='/bin/mkdir -p'
OBJEXT='o'
PACKAGE='tifftoobj'
PACKAGE_BUGREPORT=''
PACKAGE_NAME='TIFFToObj'
PACKAGE_STRING='TIFFToObj 1.0'
PACKAGE_TARNAME='tifftoobj'
PACKAGE_URL=''
PACKAGE_VERSION='1.0'
PATH_SEPARATOR=':'
SET_MAKE=''
SHELL='/bin/bash'
STRIP=''
VERSION='1.0'
ac_ct_CXX='g++'
am__EXEEXT_FALSE=''
am__EXEEXT_TRUE='#'
am__fastdepCXX_FALSE='#'
am__fastdepCXX_TRUE=''
am__include='include'
am__isrc=''
am__leading_dot='.'
am__nodep='_no'
am__quote=''
am__tar='$${TAR-tar} chof - "$$tardir"'
am__untar='$${TAR-tar} xf -'
bindir='${exec_prefix}/bin'
build='x86_64-unknown-linux-gnu'
build_alias=''
build_cpu='x86_64'
build_os='linux-gnu'
build_vendor='unknown'
datadir='${datarootdir}'
datarootdir='${prefix}/share'
docdir='${datarootdir}/doc/${PACKAGE_TARNAME}'
dvidir='${docdir}'
exec_prefix='${prefix}'
host='x86_64-unknown-linux-gnu'
host_alias=''
host_cpu='x86_64'
host_os='linux-gnu'
host_vendor='unknown'
htmldir='${docdir}'
includedir='${prefix}/include'
infodir='${datarootdir}/info'
install_sh='${SHELL} /home/domahony/Projects/ws-ogldev/TIFFToObj/install-sh'
libdir='${exec_prefix}/lib'
libexecdir='${exec_prefix}/libexec'
localedir='${datarootdir}/locale'
localstatedir='${prefix}/var'
mandir='${datarootdir}/man'
mkdir_p='$(MKDIR_P)'
oldincludedir='/usr/include'
pdfdir='${docdir}'
prefix='/usr/local'
program_transform_name='s,x,x,'
psdir='${docdir}'
sbindir='${exec_prefix}/sbin'
sharedstatedir='${prefix}/com'
sysconfdir='${prefix}/etc'
target='x86_64-unknown-linux-gnu'
target_alias=''
target_cpu='x86_64'
target_os='linux-gnu'
target_vendor='unknown'

## ----------- ##
## confdefs.h. ##
## ----------- ##

/* confdefs.h */
#define PACKAGE_NAME "TIFFToObj"
#define PACKAGE_TARNAME "tifftoobj"
#define PACKAGE_VERSION "1.0"
#define PACKAGE_STRING "TIFFToObj 1.0"
#define PACKAGE_BUGREPORT ""
#define PACKAGE_URL ""
#define PACKAGE "tifftoobj"
#define VERSION "1.0"

configure: exit 0

## ---------------------- ##
## Running config.status. ##
## ---------------------- ##

This file was extended by TIFFToObj config.status 1.0, which was
generated by GNU Autoconf 2.69.  Invocation command line was

  CONFIG_FILES    = 
  CONFIG_HEADERS  = 
  CONFIG_LINKS    = 
  CONFIG_COMMANDS = 
  $ ./config.status src/Makefile depfiles

on bilbo

config.status:787: creating src/Makefile
config.status:959: executing depfiles commands
